TN:
SF:config/auth-config.js
FNF:0
FNH:0
DA:2,0
LF:1
LH:0
BRF:0
BRH:0
end_of_record
TN:
SF:models/api-auth.js
FN:11,(anonymous_0)
FN:18,(anonymous_1)
FN:32,(anonymous_2)
FN:55,(anonymous_3)
FN:94,(anonymous_4)
FN:112,(anonymous_5)
FNF:6
FNH:0
FNDA:0,(anonymous_0)
FNDA:0,(anonymous_1)
FNDA:0,(anonymous_2)
FNDA:0,(anonymous_3)
FNDA:0,(anonymous_4)
FNDA:0,(anonymous_5)
DA:2,0
DA:3,0
DA:4,0
DA:5,0
DA:7,0
DA:12,0
DA:19,0
DA:20,0
DA:23,0
DA:24,0
DA:26,0
DA:33,0
DA:35,0
DA:36,0
DA:37,0
DA:38,0
DA:39,0
DA:42,0
DA:43,0
DA:47,0
DA:48,0
DA:62,0
DA:63,0
DA:64,0
DA:65,0
DA:66,0
DA:70,0
DA:71,0
DA:72,0
DA:73,0
DA:74,0
DA:75,0
DA:78,0
DA:79,0
DA:81,0
DA:82,0
DA:85,0
DA:86,0
DA:87,0
DA:95,0
DA:97,0
DA:98,0
DA:99,0
DA:100,0
DA:103,0
DA:104,0
DA:113,0
DA:114,0
DA:117,0
DA:118,0
DA:120,0
DA:121,0
DA:124,0
DA:125,0
DA:131,0
LF:55
LH:0
BRDA:19,0,0,0
BRDA:19,0,1,0
BRDA:37,1,0,0
BRDA:37,1,1,0
BRDA:62,2,0,0
BRDA:62,2,1,0
BRDA:71,3,0,0
BRDA:71,3,1,0
BRDA:71,4,0,0
BRDA:71,4,1,0
BRDA:98,5,0,0
BRDA:98,5,1,0
BRDA:113,6,0,0
BRDA:113,6,1,0
BRF:14
BRH:0
end_of_record
TN:
SF:models/db-util.js
FN:13,(anonymous_0)
FN:22,(anonymous_1)
FN:39,(anonymous_2)
FN:65,(anonymous_3)
FN:75,(anonymous_4)
FN:91,(anonymous_5)
FN:93,(anonymous_6)
FN:127,(anonymous_7)
FN:129,(anonymous_8)
FN:158,(anonymous_9)
FN:165,(anonymous_10)
FN:206,(anonymous_11)
FN:217,(anonymous_12)
FN:233,(anonymous_13)
FN:243,(anonymous_14)
FNF:15
FNH:0
FNDA:0,(anonymous_0)
FNDA:0,(anonymous_1)
FNDA:0,(anonymous_2)
FNDA:0,(anonymous_3)
FNDA:0,(anonymous_4)
FNDA:0,(anonymous_5)
FNDA:0,(anonymous_6)
FNDA:0,(anonymous_7)
FNDA:0,(anonymous_8)
FNDA:0,(anonymous_9)
FNDA:0,(anonymous_10)
FNDA:0,(anonymous_11)
FNDA:0,(anonymous_12)
FNDA:0,(anonymous_13)
FNDA:0,(anonymous_14)
DA:2,0
DA:3,0
DA:4,0
DA:6,0
DA:7,0
DA:8,0
DA:9,0
DA:14,0
DA:16,0
DA:18,0
DA:19,0
DA:23,0
DA:25,0
DA:32,0
DA:35,0
DA:39,0
DA:40,0
DA:41,0
DA:44,0
DA:45,0
DA:48,0
DA:49,0
DA:66,0
DA:67,0
DA:68,0
DA:70,0
DA:72,0
DA:74,0
DA:76,0
DA:78,0
DA:81,0
DA:83,0
DA:92,0
DA:94,0
DA:95,0
DA:96,0
DA:101,0
DA:102,0
DA:108,0
DA:109,0
DA:112,0
DA:115,0
DA:128,0
DA:130,0
DA:131,0
DA:132,0
DA:137,0
DA:138,0
DA:144,0
DA:145,0
DA:148,0
DA:159,0
DA:166,0
DA:207,0
DA:208,0
DA:209,0
DA:211,0
DA:212,0
DA:214,0
DA:216,0
DA:218,0
DA:220,0
DA:223,0
DA:227,0
DA:234,0
DA:235,0
DA:238,0
DA:244,0
DA:249,0
LF:69
LH:0
BRDA:14,0,0,0
BRDA:14,0,1,0
BRDA:23,1,0,0
BRDA:23,1,1,0
BRDA:40,2,0,0
BRDA:40,2,1,0
BRDA:66,3,0,0
BRDA:66,3,1,0
BRDA:83,4,0,0
BRDA:83,4,1,0
BRDA:101,5,0,0
BRDA:101,5,1,0
BRDA:108,6,0,0
BRDA:108,6,1,0
BRDA:137,7,0,0
BRDA:137,7,1,0
BRDA:144,8,0,0
BRDA:144,8,1,0
BRDA:207,9,0,0
BRDA:207,9,1,0
BRDA:227,10,0,0
BRDA:227,10,1,0
BRDA:234,11,0,0
BRDA:234,11,1,0
BRDA:234,12,0,0
BRDA:234,12,1,0
BRF:26
BRH:0
end_of_record
TN:
SF:models/department.js
FN:22,(anonymous_0)
FN:29,(anonymous_1)
FN:39,(anonymous_2)
FN:49,(anonymous_3)
FNF:4
FNH:0
FNDA:0,(anonymous_0)
FNDA:0,(anonymous_1)
FNDA:0,(anonymous_2)
FNDA:0,(anonymous_3)
DA:2,0
DA:3,0
DA:7,0
DA:11,0
DA:14,0
DA:23,0
DA:30,0
DA:31,0
DA:33,0
DA:40,0
DA:41,0
DA:43,0
DA:50,0
DA:51,0
DA:53,0
DA:59,0
LF:16
LH:0
BRF:0
BRH:0
end_of_record
TN:
SF:models/geolocation.js
FN:42,(anonymous_0)
FN:49,(anonymous_1)
FN:76,(anonymous_2)
FN:89,(anonymous_3)
FN:101,(anonymous_4)
FN:115,(anonymous_5)
FNF:6
FNH:0
FNDA:0,(anonymous_0)
FNDA:0,(anonymous_1)
FNDA:0,(anonymous_2)
FNDA:0,(anonymous_3)
FNDA:0,(anonymous_4)
FNDA:0,(anonymous_5)
DA:2,0
DA:3,0
DA:4,0
DA:8,0
DA:12,0
DA:17,0
DA:20,0
DA:23,0
DA:30,0
DA:43,0
DA:50,0
DA:51,0
DA:52,0
DA:53,0
DA:55,0
DA:56,0
DA:60,0
DA:61,0
DA:70,0
DA:77,0
DA:78,0
DA:83,0
DA:90,0
DA:91,0
DA:95,0
DA:102,0
DA:103,0
DA:109,0
DA:116,0
DA:117,0
DA:123,0
DA:129,0
LF:32
LH:0
BRDA:52,0,0,0
BRDA:52,0,1,0
BRDA:55,1,0,0
BRDA:55,1,1,0
BRF:4
BRH:0
end_of_record
TN:
SF:models/login-auth.js
FN:40,(anonymous_0)
FN:52,(anonymous_1)
FN:57,(anonymous_2)
FN:147,(anonymous_3)
FN:156,(anonymous_4)
FN:212,(anonymous_5)
FN:232,(anonymous_6)
FN:245,(anonymous_7)
FN:252,(anonymous_8)
FN:275,(anonymous_9)
FNF:10
FNH:0
FNDA:0,(anonymous_0)
FNDA:0,(anonymous_1)
FNDA:0,(anonymous_2)
FNDA:0,(anonymous_3)
FNDA:0,(anonymous_4)
FNDA:0,(anonymous_5)
FNDA:0,(anonymous_6)
FNDA:0,(anonymous_7)
FNDA:0,(anonymous_8)
FNDA:0,(anonymous_9)
DA:2,0
DA:3,0
DA:5,0
DA:6,0
DA:7,0
DA:8,0
DA:9,0
DA:10,0
DA:21,0
DA:25,0
DA:29,0
DA:35,0
DA:41,0
DA:53,0
DA:54,0
DA:56,0
DA:58,0
DA:62,0
DA:63,0
DA:64,0
DA:66,0
DA:67,0
DA:70,0
DA:73,0
DA:75,0
DA:79,0
DA:80,0
DA:81,0
DA:83,0
DA:84,0
DA:85,0
DA:86,0
DA:89,0
DA:90,0
DA:91,0
DA:95,0
DA:97,0
DA:98,0
DA:100,0
DA:104,0
DA:107,0
DA:126,0
DA:128,0
DA:148,0
DA:150,0
DA:152,0
DA:153,0
DA:155,0
DA:157,0
DA:161,0
DA:162,0
DA:163,0
DA:165,0
DA:166,0
DA:169,0
DA:172,0
DA:174,0
DA:178,0
DA:181,0
DA:200,0
DA:201,0
DA:214,0
DA:215,0
DA:216,0
DA:217,0
DA:220,0
DA:221,0
DA:233,0
DA:234,0
DA:236,0
DA:246,0
DA:247,0
DA:248,0
DA:249,0
DA:251,0
DA:253,0
DA:255,0
DA:256,0
DA:257,0
DA:259,0
DA:260,0
DA:263,0
DA:264,0
DA:266,0
DA:276,0
DA:277,0
DA:278,0
DA:279,0
DA:281,0
DA:282,0
DA:283,0
DA:284,0
DA:287,0
DA:288,0
DA:290,0
DA:291,0
DA:297,0
DA:298,0
DA:303,0
DA:304,0
DA:306,0
DA:310,0
LF:102
LH:0
BRDA:62,0,0,0
BRDA:62,0,1,0
BRDA:66,1,0,0
BRDA:66,1,1,0
BRDA:66,2,0,0
BRDA:66,2,1,0
BRDA:73,3,0,0
BRDA:73,3,1,0
BRDA:84,4,0,0
BRDA:84,4,1,0
BRDA:89,5,0,0
BRDA:89,5,1,0
BRDA:97,6,0,0
BRDA:97,6,1,0
BRDA:150,7,0,0
BRDA:150,7,1,0
BRDA:161,8,0,0
BRDA:161,8,1,0
BRDA:165,9,0,0
BRDA:165,9,1,0
BRDA:165,10,0,0
BRDA:165,10,1,0
BRDA:172,11,0,0
BRDA:172,11,1,0
BRDA:215,12,0,0
BRDA:215,12,1,0
BRDA:256,13,0,0
BRDA:256,13,1,0
BRDA:259,14,0,0
BRDA:259,14,1,0
BRDA:259,15,0,0
BRDA:259,15,1,0
BRDA:279,16,0,0
BRDA:279,16,1,0
BRDA:282,17,0,0
BRDA:282,17,1,0
BRDA:284,18,0,0
BRDA:284,18,1,0
BRDA:288,19,0,0
BRDA:288,19,1,0
BRF:40
BRH:0
end_of_record
TN:
SF:models/place-list.js
FN:11,(anonymous_0)
FN:15,(anonymous_1)
FNF:2
FNH:0
FNDA:0,(anonymous_0)
FNDA:0,(anonymous_1)
DA:2,0
DA:3,0
DA:6,0
DA:12,0
DA:16,0
DA:17,0
DA:19,0
DA:25,0
LF:8
LH:0
BRF:0
BRH:0
end_of_record
TN:
SF:models/presence-status.js
FN:14,(anonymous_0)
FN:18,(anonymous_1)
FNF:2
FNH:0
FNDA:0,(anonymous_0)
FNDA:0,(anonymous_1)
DA:2,0
DA:3,0
DA:6,0
DA:15,0
DA:19,0
DA:20,0
DA:22,0
DA:28,0
LF:8
LH:0
BRF:0
BRH:0
end_of_record
TN:
SF:models/telework.js
FN:95,(anonymous_0)
FN:105,(anonymous_1)
FN:120,(anonymous_2)
FN:216,(anonymous_3)
FN:234,(anonymous_4)
FN:258,(anonymous_5)
FN:301,(anonymous_6)
FN:319,(anonymous_7)
FN:335,(anonymous_8)
FN:351,(anonymous_9)
FN:365,(anonymous_10)
FN:381,(anonymous_11)
FN:392,(anonymous_12)
FN:409,(anonymous_13)
FN:427,(anonymous_14)
FN:462,(anonymous_15)
FN:493,(anonymous_16)
FN:507,(anonymous_17)
FN:530,(anonymous_18)
FN:565,(anonymous_19)
FN:570,(anonymous_20)
FN:590,(anonymous_21)
FN:612,(anonymous_22)
FN:630,(anonymous_23)
FN:652,(anonymous_24)
FN:684,(anonymous_25)
FN:712,(anonymous_26)
FN:723,(anonymous_27)
FNF:28
FNH:0
FNDA:0,(anonymous_0)
FNDA:0,(anonymous_1)
FNDA:0,(anonymous_2)
FNDA:0,(anonymous_3)
FNDA:0,(anonymous_4)
FNDA:0,(anonymous_5)
FNDA:0,(anonymous_6)
FNDA:0,(anonymous_7)
FNDA:0,(anonymous_8)
FNDA:0,(anonymous_9)
FNDA:0,(anonymous_10)
FNDA:0,(anonymous_11)
FNDA:0,(anonymous_12)
FNDA:0,(anonymous_13)
FNDA:0,(anonymous_14)
FNDA:0,(anonymous_15)
FNDA:0,(anonymous_16)
FNDA:0,(anonymous_17)
FNDA:0,(anonymous_18)
FNDA:0,(anonymous_19)
FNDA:0,(anonymous_20)
FNDA:0,(anonymous_21)
FNDA:0,(anonymous_22)
FNDA:0,(anonymous_23)
FNDA:0,(anonymous_24)
FNDA:0,(anonymous_25)
FNDA:0,(anonymous_26)
FNDA:0,(anonymous_27)
DA:2,0
DA:3,0
DA:4,0
DA:7,0
DA:8,0
DA:9,0
DA:10,0
DA:11,0
DA:12,0
DA:13,0
DA:14,0
DA:15,0
DA:19,0
DA:25,0
DA:29,0
DA:33,0
DA:37,0
DA:42,0
DA:47,0
DA:52,0
DA:65,0
DA:76,0
DA:79,0
DA:81,0
DA:85,0
DA:96,0
DA:106,0
DA:107,0
DA:108,0
DA:109,0
DA:111,0
DA:113,0
DA:115,0
DA:116,0
DA:119,0
DA:121,0
DA:127,0
DA:128,0
DA:129,0
DA:133,0
DA:134,0
DA:135,0
DA:137,0
DA:139,0
DA:141,0
DA:144,0
DA:147,0
DA:150,0
DA:152,0
DA:155,0
DA:158,0
DA:160,0
DA:163,0
DA:167,0
DA:169,0
DA:172,0
DA:176,0
DA:184,0
DA:186,0
DA:189,0
DA:191,0
DA:198,0
DA:199,0
DA:215,0
DA:217,0
DA:223,0
DA:224,0
DA:226,0
DA:235,0
DA:236,0
DA:237,0
DA:238,0
DA:240,0
DA:242,0
DA:244,0
DA:245,0
DA:249,0
DA:250,0
DA:251,0
DA:254,0
DA:255,0
DA:257,0
DA:259,0
DA:264,0
DA:265,0
DA:266,0
DA:269,0
DA:275,0
DA:279,0
DA:283,0
DA:284,0
DA:300,0
DA:302,0
DA:308,0
DA:309,0
DA:311,0
DA:320,0
DA:321,0
DA:322,0
DA:324,0
DA:325,0
DA:327,0
DA:336,0
DA:337,0
DA:338,0
DA:340,0
DA:341,0
DA:343,0
DA:352,0
DA:353,0
DA:354,0
DA:356,0
DA:357,0
DA:359,0
DA:366,0
DA:367,0
DA:369,0
DA:370,0
DA:372,0
DA:375,0
DA:382,0
DA:383,0
DA:385,0
DA:386,0
DA:393,0
DA:394,0
DA:396,0
DA:399,0
DA:402,0
DA:403,0
DA:405,0
DA:406,0
DA:410,0
DA:411,0
DA:413,0
DA:417,0
DA:420,0
DA:421,0
DA:423,0
DA:424,0
DA:428,0
DA:429,0
DA:431,0
DA:435,0
DA:438,0
DA:439,0
DA:441,0
DA:442,0
DA:463,0
DA:464,0
DA:465,0
DA:466,0
DA:468,0
DA:470,0
DA:472,0
DA:473,0
DA:475,0
DA:476,0
DA:492,0
DA:494,0
DA:500,0
DA:501,0
DA:502,0
DA:506,0
DA:508,0
DA:514,0
DA:515,0
DA:516,0
DA:518,0
DA:522,0
DA:532,0
DA:533,0
DA:534,0
DA:535,0
DA:537,0
DA:539,0
DA:541,0
DA:542,0
DA:544,0
DA:545,0
DA:557,0
DA:567,0
DA:568,0
DA:569,0
DA:571,0
DA:577,0
DA:578,0
DA:579,0
DA:583,0
DA:584,0
DA:585,0
DA:588,0
DA:589,0
DA:591,0
DA:597,0
DA:598,0
DA:599,0
DA:602,0
DA:606,0
DA:613,0
DA:614,0
DA:615,0
DA:616,0
DA:617,0
DA:618,0
DA:620,0
DA:621,0
DA:623,0
DA:624,0
DA:631,0
DA:632,0
DA:633,0
DA:634,0
DA:635,0
DA:636,0
DA:637,0
DA:639,0
DA:640,0
DA:643,0
DA:644,0
DA:653,0
DA:654,0
DA:655,0
DA:656,0
DA:659,0
DA:660,0
DA:676,0
DA:685,0
DA:686,0
DA:687,0
DA:688,0
DA:691,0
DA:692,0
DA:704,0
DA:713,0
DA:714,0
DA:715,0
DA:724,0
DA:725,0
DA:726,0
DA:727,0
DA:728,0
DA:730,0
DA:734,0
LF:244
LH:0
BRDA:108,0,0,0
BRDA:108,0,1,0
BRDA:111,1,0,0
BRDA:111,1,1,0
BRDA:127,2,0,0
BRDA:127,2,1,0
BRDA:135,3,0,0
BRDA:135,3,1,0
BRDA:139,4,0,0
BRDA:139,4,1,0
BRDA:144,5,0,0
BRDA:144,5,1,0
BRDA:144,5,2,0
BRDA:144,5,3,0
BRDA:144,5,4,0
BRDA:147,6,0,0
BRDA:147,6,1,0
BRDA:147,7,0,0
BRDA:147,7,1,0
BRDA:155,8,0,0
BRDA:155,8,1,0
BRDA:155,9,0,0
BRDA:155,9,1,0
BRDA:163,10,0,0
BRDA:163,10,1,0
BRDA:163,11,0,0
BRDA:163,11,1,0
BRDA:172,12,0,0
BRDA:172,12,1,0
BRDA:172,13,0,0
BRDA:172,13,1,0
BRDA:172,13,2,0
BRDA:189,14,0,0
BRDA:189,14,1,0
BRDA:223,15,0,0
BRDA:223,15,1,0
BRDA:237,16,0,0
BRDA:237,16,1,0
BRDA:240,17,0,0
BRDA:240,17,1,0
BRDA:250,18,0,0
BRDA:250,18,1,0
BRDA:255,19,0,0
BRDA:255,19,1,0
BRDA:264,20,0,0
BRDA:264,20,1,0
BRDA:269,21,0,0
BRDA:269,21,1,0
BRDA:269,22,0,0
BRDA:269,22,1,0
BRDA:308,23,0,0
BRDA:308,23,1,0
BRDA:321,24,0,0
BRDA:321,24,1,0
BRDA:337,25,0,0
BRDA:337,25,1,0
BRDA:353,26,0,0
BRDA:353,26,1,0
BRDA:370,27,0,0
BRDA:370,27,1,0
BRDA:370,28,0,0
BRDA:370,28,1,0
BRDA:394,29,0,0
BRDA:394,29,1,0
BRDA:394,30,0,0
BRDA:394,30,1,0
BRDA:411,31,0,0
BRDA:411,31,1,0
BRDA:411,32,0,0
BRDA:411,32,1,0
BRDA:429,33,0,0
BRDA:429,33,1,0
BRDA:429,34,0,0
BRDA:429,34,1,0
BRDA:465,35,0,0
BRDA:465,35,1,0
BRDA:468,36,0,0
BRDA:468,36,1,0
BRDA:500,37,0,0
BRDA:500,37,1,0
BRDA:514,38,0,0
BRDA:514,38,1,0
BRDA:534,39,0,0
BRDA:534,39,1,0
BRDA:537,40,0,0
BRDA:537,40,1,0
BRDA:577,41,0,0
BRDA:577,41,1,0
BRDA:588,42,0,0
BRDA:588,42,1,0
BRDA:597,43,0,0
BRDA:597,43,1,0
BRDA:617,44,0,0
BRDA:617,44,1,0
BRDA:617,45,0,0
BRDA:617,45,1,0
BRDA:635,46,0,0
BRDA:635,46,1,0
BRDA:635,47,0,0
BRDA:635,47,1,0
BRDA:637,48,0,0
BRDA:637,48,1,0
BRDA:655,49,0,0
BRDA:655,49,1,0
BRDA:687,50,0,0
BRDA:687,50,1,0
BRDA:727,51,0,0
BRDA:727,51,1,0
BRDA:727,52,0,0
BRDA:727,52,1,0
BRF:110
BRH:0
end_of_record
TN:
SF:models/user-info.js
FN:57,(anonymous_0)
FN:64,(anonymous_1)
FN:76,(anonymous_2)
FN:90,(anonymous_3)
FN:104,(anonymous_4)
FN:136,(anonymous_5)
FN:147,(anonymous_6)
FN:187,(anonymous_7)
FN:207,(anonymous_8)
FN:211,(anonymous_9)
FN:251,(anonymous_10)
FN:266,(anonymous_11)
FN:268,(anonymous_12)
FN:283,(anonymous_13)
FN:298,(anonymous_14)
FN:299,(anonymous_15)
FN:300,(anonymous_16)
FN:314,(anonymous_17)
FN:315,(anonymous_18)
FN:316,(anonymous_19)
FN:332,(anonymous_20)
FN:335,(anonymous_21)
FN:347,(anonymous_22)
FN:363,(anonymous_23)
FN:367,(anonymous_24)
FN:388,(anonymous_25)
FN:405,(anonymous_26)
FN:410,(anonymous_27)
FN:420,(anonymous_28)
FN:430,(anonymous_29)
FN:431,(anonymous_30)
FN:432,(anonymous_31)
FN:448,(anonymous_32)
FN:449,(anonymous_33)
FN:450,(anonymous_34)
FN:466,(anonymous_35)
FN:467,(anonymous_36)
FN:468,(anonymous_37)
FN:484,(anonymous_38)
FN:530,(anonymous_39)
FNF:40
FNH:0
FNDA:0,(anonymous_0)
FNDA:0,(anonymous_1)
FNDA:0,(anonymous_2)
FNDA:0,(anonymous_3)
FNDA:0,(anonymous_4)
FNDA:0,(anonymous_5)
FNDA:0,(anonymous_6)
FNDA:0,(anonymous_7)
FNDA:0,(anonymous_8)
FNDA:0,(anonymous_9)
FNDA:0,(anonymous_10)
FNDA:0,(anonymous_11)
FNDA:0,(anonymous_12)
FNDA:0,(anonymous_13)
FNDA:0,(anonymous_14)
FNDA:0,(anonymous_15)
FNDA:0,(anonymous_16)
FNDA:0,(anonymous_17)
FNDA:0,(anonymous_18)
FNDA:0,(anonymous_19)
FNDA:0,(anonymous_20)
FNDA:0,(anonymous_21)
FNDA:0,(anonymous_22)
FNDA:0,(anonymous_23)
FNDA:0,(anonymous_24)
FNDA:0,(anonymous_25)
FNDA:0,(anonymous_26)
FNDA:0,(anonymous_27)
FNDA:0,(anonymous_28)
FNDA:0,(anonymous_29)
FNDA:0,(anonymous_30)
FNDA:0,(anonymous_31)
FNDA:0,(anonymous_32)
FNDA:0,(anonymous_33)
FNDA:0,(anonymous_34)
FNDA:0,(anonymous_35)
FNDA:0,(anonymous_36)
FNDA:0,(anonymous_37)
FNDA:0,(anonymous_38)
FNDA:0,(anonymous_39)
DA:2,0
DA:3,0
DA:4,0
DA:5,0
DA:7,0
DA:8,0
DA:9,0
DA:10,0
DA:11,0
DA:12,0
DA:17,0
DA:18,0
DA:20,0
DA:22,0
DA:25,0
DA:28,0
DA:31,0
DA:35,0
DA:39,0
DA:58,0
DA:65,0
DA:66,0
DA:68,0
DA:77,0
DA:78,0
DA:80,0
DA:81,0
DA:82,0
DA:84,0
DA:91,0
DA:92,0
DA:94,0
DA:95,0
DA:96,0
DA:98,0
DA:106,0
DA:107,0
DA:108,0
DA:117,0
DA:118,0
DA:119,0
DA:125,0
DA:127,0
DA:139,0
DA:141,0
DA:142,0
DA:146,0
DA:148,0
DA:149,0
DA:150,0
DA:156,0
DA:157,0
DA:162,0
DA:163,0
DA:165,0
DA:166,0
DA:170,0
DA:171,0
DA:172,0
DA:176,0
DA:177,0
DA:179,0
DA:180,0
DA:181,0
DA:182,0
DA:187,0
DA:188,0
DA:189,0
DA:193,0
DA:199,0
DA:209,0
DA:211,0
DA:212,0
DA:216,0
DA:218,0
DA:220,0
DA:223,0
DA:224,0
DA:227,0
DA:232,0
DA:235,0
DA:237,0
DA:238,0
DA:239,0
DA:241,0
DA:244,0
DA:245,0
DA:248,0
DA:252,0
DA:253,0
DA:255,0
DA:256,0
DA:257,0
DA:260,0
DA:267,0
DA:269,0
DA:272,0
DA:273,0
DA:274,0
DA:282,0
DA:284,0
DA:287,0
DA:299,0
DA:300,0
DA:301,0
DA:302,0
DA:303,0
DA:304,0
DA:306,0
DA:315,0
DA:316,0
DA:317,0
DA:318,0
DA:319,0
DA:320,0
DA:322,0
DA:323,0
DA:324,0
DA:333,0
DA:334,0
DA:335,0
DA:336,0
DA:340,0
DA:343,0
DA:344,0
DA:348,0
DA:351,0
DA:353,0
DA:364,0
DA:365,0
DA:366,0
DA:367,0
DA:368,0
DA:369,0
DA:370,0
DA:375,0
DA:381,0
DA:384,0
DA:385,0
DA:389,0
DA:390,0
DA:393,0
DA:395,0
DA:406,0
DA:407,0
DA:409,0
DA:410,0
DA:411,0
DA:417,0
DA:418,0
DA:421,0
DA:422,0
DA:424,0
DA:431,0
DA:432,0
DA:433,0
DA:434,0
DA:435,0
DA:436,0
DA:438,0
DA:439,0
DA:440,0
DA:449,0
DA:450,0
DA:451,0
DA:452,0
DA:453,0
DA:454,0
DA:456,0
DA:457,0
DA:458,0
DA:467,0
DA:468,0
DA:469,0
DA:470,0
DA:471,0
DA:472,0
DA:474,0
DA:475,0
DA:476,0
DA:485,0
DA:486,0
DA:489,0
DA:491,0
DA:492,0
DA:495,0
DA:497,0
DA:498,0
DA:499,0
DA:501,0
DA:502,0
DA:503,0
DA:504,0
DA:507,0
DA:508,0
DA:509,0
DA:513,0
DA:516,0
DA:517,0
DA:518,0
DA:521,0
DA:522,0
DA:531,0
DA:532,0
DA:533,0
DA:536,0
DA:537,0
DA:538,0
DA:539,0
DA:542,0
DA:543,0
DA:544,0
DA:548,0
DA:549,0
DA:551,0
DA:552,0
DA:556,0
DA:558,0
DA:559,0
DA:562,0
DA:607,0
LF:221
LH:0
BRDA:81,0,0,0
BRDA:81,0,1,0
BRDA:81,1,0,0
BRDA:81,1,1,0
BRDA:95,2,0,0
BRDA:95,2,1,0
BRDA:95,3,0,0
BRDA:95,3,1,0
BRDA:107,4,0,0
BRDA:107,4,1,0
BRDA:118,5,0,0
BRDA:118,5,1,0
BRDA:156,6,0,0
BRDA:156,6,1,0
BRDA:163,7,0,0
BRDA:163,7,1,0
BRDA:180,8,0,0
BRDA:180,8,1,0
BRDA:188,9,0,0
BRDA:188,9,1,0
BRDA:301,10,0,0
BRDA:301,10,1,0
BRDA:317,11,0,0
BRDA:317,11,1,0
BRDA:356,12,0,0
BRDA:356,12,1,0
BRDA:398,13,0,0
BRDA:398,13,1,0
BRDA:433,14,0,0
BRDA:433,14,1,0
BRDA:451,15,0,0
BRDA:451,15,1,0
BRDA:469,16,0,0
BRDA:469,16,1,0
BRDA:491,17,0,0
BRDA:491,17,1,0
BRDA:502,18,0,0
BRDA:502,18,1,0
BRDA:507,19,0,0
BRDA:507,19,1,0
BRDA:516,20,0,0
BRDA:516,20,1,0
BRDA:537,21,0,0
BRDA:537,21,1,0
BRDA:542,22,0,0
BRDA:542,22,1,0
BRDA:558,23,0,0
BRDA:558,23,1,0
BRF:48
BRH:0
end_of_record
TN:
SF:models/whereabouts.js
FN:40,(anonymous_0)
FN:47,(anonymous_1)
FN:64,(anonymous_2)
FN:76,(anonymous_3)
FN:90,(anonymous_4)
FN:103,(anonymous_5)
FNF:6
FNH:0
FNDA:0,(anonymous_0)
FNDA:0,(anonymous_1)
FNDA:0,(anonymous_2)
FNDA:0,(anonymous_3)
FNDA:0,(anonymous_4)
FNDA:0,(anonymous_5)
DA:2,0
DA:3,0
DA:4,0
DA:8,0
DA:12,0
DA:15,0
DA:23,0
DA:31,0
DA:41,0
DA:48,0
DA:49,0
DA:54,0
DA:55,0
DA:56,0
DA:58,0
DA:65,0
DA:66,0
DA:68,0
DA:70,0
DA:77,0
DA:78,0
DA:83,0
DA:91,0
DA:92,0
DA:97,0
DA:105,0
DA:106,0
DA:107,0
DA:108,0
DA:109,0
DA:120,0
DA:121,0
DA:122,0
DA:128,0
LF:34
LH:0
BRDA:55,0,0,0
BRDA:55,0,1,0
BRDA:55,1,0,0
BRDA:55,1,1,0
BRDA:107,2,0,0
BRDA:107,2,1,0
BRDA:108,3,0,0
BRDA:108,3,1,0
BRF:8
BRH:0
end_of_record
TN:
SF:util/hm-util.js
FN:11,(anonymous_0)
FN:18,(anonymous_1)
FN:25,(anonymous_2)
FN:50,(anonymous_3)
FN:66,(anonymous_4)
FN:82,(anonymous_5)
FN:97,(anonymous_6)
FN:105,(anonymous_7)
FN:138,(anonymous_8)
FNF:9
FNH:9
FNDA:6,(anonymous_0)
FNDA:3,(anonymous_1)
FNDA:4,(anonymous_2)
FNDA:4,(anonymous_3)
FNDA:3,(anonymous_4)
FNDA:3,(anonymous_5)
FNDA:5,(anonymous_6)
FNDA:6,(anonymous_7)
FNDA:6,(anonymous_8)
DA:1,1
DA:2,1
DA:3,1
DA:4,1
DA:5,1
DA:6,1
DA:12,6
DA:19,3
DA:26,4
DA:28,4
DA:29,4
DA:30,4
DA:31,4
DA:32,4
DA:33,4
DA:34,4
DA:35,1
DA:36,1
DA:37,1
DA:38,3
DA:42,4
DA:51,4
DA:52,4
DA:53,2
DA:56,2
DA:58,4
DA:67,3
DA:68,3
DA:69,2
DA:72,1
DA:74,3
DA:83,3
DA:84,3
DA:85,2
DA:88,1
DA:90,3
DA:98,5
DA:106,6
DA:107,6
DA:108,6
DA:109,6
DA:111,5
DA:112,5
DA:113,1
DA:115,4
DA:116,2
DA:119,5
DA:120,3
DA:121,3
DA:122,2
DA:128,1
DA:130,6
DA:139,6
DA:140,6
DA:141,7
DA:142,7
DA:143,7
DA:146,7
DA:147,7
DA:148,3
DA:149,3
DA:150,3
DA:151,12
DA:152,9
DA:154,12
DA:155,5
DA:156,5
DA:158,7
DA:159,7
DA:161,3
DA:163,3
DA:165,3
DA:168,4
DA:171,7
DA:172,7
DA:174,5
DA:177,6
DA:181,1
LF:78
LH:78
BRDA:12,0,0,6
BRDA:12,0,1,5
BRDA:19,1,0,3
BRDA:19,1,1,2
BRDA:26,2,0,1
BRDA:26,2,1,3
BRDA:34,3,0,1
BRDA:34,3,1,3
BRDA:52,4,0,2
BRDA:52,4,1,2
BRDA:68,5,0,2
BRDA:68,5,1,1
BRDA:84,6,0,2
BRDA:84,6,1,1
BRDA:109,7,0,5
BRDA:109,7,1,1
BRDA:112,8,0,1
BRDA:112,8,1,4
BRDA:115,9,0,2
BRDA:115,9,1,2
BRDA:115,10,0,4
BRDA:115,10,1,3
BRDA:119,11,0,3
BRDA:119,11,1,2
BRDA:121,12,0,2
BRDA:121,12,1,1
BRDA:147,13,0,3
BRDA:147,13,1,4
BRDA:151,14,0,9
BRDA:151,14,1,3
BRDA:154,15,0,5
BRDA:154,15,1,7
BRDA:161,16,0,3
BRDA:161,16,1,0
BRDA:172,17,0,5
BRDA:172,17,1,2
BRF:36
BRH:35
end_of_record
TN:
SF:util/logger-wrapper.js
FNF:0
FNH:0
DA:3,0
DA:5,0
DA:7,0
DA:8,0
DA:9,0
DA:11,0
LF:6
LH:0
BRF:0
BRH:0
end_of_record
